CRITICAL - 2025-06-28 05:48:55 --> Error: Call to undefined method CodeIgniter\Autoloader\Autoloader::include()
[Method: GET, Route: admin/artikel]
in APPPATH\Config\View.php on line 1.
 1 SYSTEMPATH\Autoloader\Autoloader.php(316): include_once()
 2 SYSTEMPATH\Autoloader\Autoloader.php(295): CodeIgniter\Autoloader\Autoloader->includeFile('C:\\xampp\\htdocs\\lab11_php_ci\\ci4\\app\\Config\\View.php')
 3 SYSTEMPATH\Autoloader\Autoloader.php(271): CodeIgniter\Autoloader\Autoloader->loadInNamespace('Config\\View')
 4 [internal function]: CodeIgniter\Autoloader\Autoloader->loadClass('Config\\View')
 5 SYSTEMPATH\Config\Factories.php(297): class_exists('Config\\View')
 6 SYSTEMPATH\Config\Factories.php(216): CodeIgniter\Config\Factories::locateClass([...], 'Config\\View')
 7 SYSTEMPATH\Config\Factories.php(159): CodeIgniter\Config\Factories::getDefinedInstance([...], 'Config\\View', [])
 8 SYSTEMPATH\Config\Factories.php(188): CodeIgniter\Config\Factories::__callStatic('config', [])
 9 SYSTEMPATH\Common.php(210): CodeIgniter\Config\Factories::get('config', 'Config\\View')
10 SYSTEMPATH\Config\Services.php(507): config('Config\\View')
11 SYSTEMPATH\Config\BaseService.php(321): CodeIgniter\Config\Services::renderer('C:\\xampp\\htdocs\\lab11_php_ci\\ci4\\app\\Config/../Views', null, false)
12 SYSTEMPATH\Config\Services.php(471): CodeIgniter\Config\BaseService::__callStatic('renderer', [...])
13 SYSTEMPATH\Config\BaseService.php(312): CodeIgniter\Config\Services::pager(Object(Config\Pager), null, false)
14 SYSTEMPATH\Config\BaseService.php(251): CodeIgniter\Config\BaseService::__callStatic('pager', [...])
15 SYSTEMPATH\Config\Services.php(467): CodeIgniter\Config\BaseService::getSharedInstance('pager', null, null)
16 SYSTEMPATH\Config\BaseService.php(321): CodeIgniter\Config\Services::pager()
17 SYSTEMPATH\Config\BaseService.php(202): CodeIgniter\Config\BaseService::__callStatic('pager', [])
18 SYSTEMPATH\Common.php(1000): CodeIgniter\Config\BaseService::get('pager')
19 SYSTEMPATH\BaseModel.php(1275): service('pager')
20 APPPATH\Controllers\Artikel.php(51): CodeIgniter\BaseModel->paginate(10)
21 SYSTEMPATH\CodeIgniter.php(933): App\Controllers\Artikel->admin_index()
22 SYSTEMPATH\CodeIgniter.php(507): CodeIgniter\CodeIgniter->runController(Object(App\Controllers\Artikel))
23 SYSTEMPATH\CodeIgniter.php(354): CodeIgniter\CodeIgniter->handleRequest(null, Object(Config\Cache), false)
24 SYSTEMPATH\Boot.php(334): CodeIgniter\CodeIgniter->run()
25 SYSTEMPATH\Boot.php(67): CodeIgniter\Boot::runCodeIgniter(Object(CodeIgniter\CodeIgniter))
26 FCPATH\index.php(56): CodeIgniter\Boot::bootWeb(Object(Config\Paths))
27 SYSTEMPATH\rewrite.php(44): require_once('C:\\xampp\\htdocs\\lab11_php_ci\\ci4\\public\\index.php')
CRITICAL - 2025-06-28 05:49:10 --> Error: Call to undefined method CodeIgniter\Autoloader\Autoloader::include()
[Method: GET, Route: admin/artikel/add]
in APPPATH\Config\View.php on line 1.
 1 SYSTEMPATH\Autoloader\Autoloader.php(316): include_once()
 2 SYSTEMPATH\Autoloader\Autoloader.php(295): CodeIgniter\Autoloader\Autoloader->includeFile('C:\\xampp\\htdocs\\lab11_php_ci\\ci4\\app\\Config\\View.php')
 3 SYSTEMPATH\Autoloader\Autoloader.php(271): CodeIgniter\Autoloader\Autoloader->loadInNamespace('Config\\View')
 4 [internal function]: CodeIgniter\Autoloader\Autoloader->loadClass('Config\\View')
 5 SYSTEMPATH\Config\Factories.php(297): class_exists('Config\\View')
 6 SYSTEMPATH\Config\Factories.php(216): CodeIgniter\Config\Factories::locateClass([...], 'Config\\View')
 7 SYSTEMPATH\Config\Factories.php(159): CodeIgniter\Config\Factories::getDefinedInstance([...], 'Config\\View', [])
 8 SYSTEMPATH\Config\Factories.php(188): CodeIgniter\Config\Factories::__callStatic('config', [])
 9 SYSTEMPATH\Common.php(210): CodeIgniter\Config\Factories::get('config', 'Config\\View')
10 SYSTEMPATH\Config\Services.php(507): config('Config\\View')
11 SYSTEMPATH\Config\BaseService.php(312): CodeIgniter\Config\Services::renderer('C:\\xampp\\htdocs\\lab11_php_ci\\ci4\\app\\Config/../Views', null, false)
12 SYSTEMPATH\Config\BaseService.php(251): CodeIgniter\Config\BaseService::__callStatic('renderer', [...])
13 SYSTEMPATH\Config\Services.php(503): CodeIgniter\Config\BaseService::getSharedInstance('renderer', null, null)
14 SYSTEMPATH\Config\BaseService.php(321): CodeIgniter\Config\Services::renderer()
15 SYSTEMPATH\Config\BaseService.php(202): CodeIgniter\Config\BaseService::__callStatic('renderer', [])
16 SYSTEMPATH\Common.php(1000): CodeIgniter\Config\BaseService::get('renderer')
17 SYSTEMPATH\Common.php(1163): service('renderer')
18 APPPATH\Controllers\Artikel.php(79): view('artikel/form_add', [...])
19 SYSTEMPATH\CodeIgniter.php(933): App\Controllers\Artikel->add()
20 SYSTEMPATH\CodeIgniter.php(507): CodeIgniter\CodeIgniter->runController(Object(App\Controllers\Artikel))
21 SYSTEMPATH\CodeIgniter.php(354): CodeIgniter\CodeIgniter->handleRequest(null, Object(Config\Cache), false)
22 SYSTEMPATH\Boot.php(334): CodeIgniter\CodeIgniter->run()
23 SYSTEMPATH\Boot.php(67): CodeIgniter\Boot::runCodeIgniter(Object(CodeIgniter\CodeIgniter))
24 FCPATH\index.php(56): CodeIgniter\Boot::bootWeb(Object(Config\Paths))
25 SYSTEMPATH\rewrite.php(44): require_once('C:\\xampp\\htdocs\\lab11_php_ci\\ci4\\public\\index.php')
CRITICAL - 2025-06-28 05:49:33 --> Error: Call to undefined method CodeIgniter\Autoloader\Autoloader::include()
[Method: GET, Route: admin/artikel]
in APPPATH\Config\View.php on line 1.
 1 SYSTEMPATH\Autoloader\Autoloader.php(316): include_once()
 2 SYSTEMPATH\Autoloader\Autoloader.php(295): CodeIgniter\Autoloader\Autoloader->includeFile('C:\\xampp\\htdocs\\lab11_php_ci\\ci4\\app\\Config\\View.php')
 3 SYSTEMPATH\Autoloader\Autoloader.php(271): CodeIgniter\Autoloader\Autoloader->loadInNamespace('Config\\View')
 4 [internal function]: CodeIgniter\Autoloader\Autoloader->loadClass('Config\\View')
 5 SYSTEMPATH\Config\Factories.php(297): class_exists('Config\\View')
 6 SYSTEMPATH\Config\Factories.php(216): CodeIgniter\Config\Factories::locateClass([...], 'Config\\View')
 7 SYSTEMPATH\Config\Factories.php(159): CodeIgniter\Config\Factories::getDefinedInstance([...], 'Config\\View', [])
 8 SYSTEMPATH\Config\Factories.php(188): CodeIgniter\Config\Factories::__callStatic('config', [])
 9 SYSTEMPATH\Common.php(210): CodeIgniter\Config\Factories::get('config', 'Config\\View')
10 SYSTEMPATH\Config\Services.php(507): config('Config\\View')
11 SYSTEMPATH\Config\BaseService.php(321): CodeIgniter\Config\Services::renderer('C:\\xampp\\htdocs\\lab11_php_ci\\ci4\\app\\Config/../Views', null, false)
12 SYSTEMPATH\Config\Services.php(471): CodeIgniter\Config\BaseService::__callStatic('renderer', [...])
13 SYSTEMPATH\Config\BaseService.php(312): CodeIgniter\Config\Services::pager(Object(Config\Pager), null, false)
14 SYSTEMPATH\Config\BaseService.php(251): CodeIgniter\Config\BaseService::__callStatic('pager', [...])
15 SYSTEMPATH\Config\Services.php(467): CodeIgniter\Config\BaseService::getSharedInstance('pager', null, null)
16 SYSTEMPATH\Config\BaseService.php(321): CodeIgniter\Config\Services::pager()
17 SYSTEMPATH\Config\BaseService.php(202): CodeIgniter\Config\BaseService::__callStatic('pager', [])
18 SYSTEMPATH\Common.php(1000): CodeIgniter\Config\BaseService::get('pager')
19 SYSTEMPATH\BaseModel.php(1275): service('pager')
20 APPPATH\Controllers\Artikel.php(51): CodeIgniter\BaseModel->paginate(10)
21 SYSTEMPATH\CodeIgniter.php(933): App\Controllers\Artikel->admin_index()
22 SYSTEMPATH\CodeIgniter.php(507): CodeIgniter\CodeIgniter->runController(Object(App\Controllers\Artikel))
23 SYSTEMPATH\CodeIgniter.php(354): CodeIgniter\CodeIgniter->handleRequest(null, Object(Config\Cache), false)
24 SYSTEMPATH\Boot.php(334): CodeIgniter\CodeIgniter->run()
25 SYSTEMPATH\Boot.php(67): CodeIgniter\Boot::runCodeIgniter(Object(CodeIgniter\CodeIgniter))
26 FCPATH\index.php(56): CodeIgniter\Boot::bootWeb(Object(Config\Paths))
27 SYSTEMPATH\rewrite.php(44): require_once('C:\\xampp\\htdocs\\lab11_php_ci\\ci4\\public\\index.php')
CRITICAL - 2025-06-28 05:49:36 --> Error: Call to undefined method CodeIgniter\Autoloader\Autoloader::include()
[Method: GET, Route: admin/artikel]
in APPPATH\Config\View.php on line 1.
 1 SYSTEMPATH\Autoloader\Autoloader.php(316): include_once()
 2 SYSTEMPATH\Autoloader\Autoloader.php(295): CodeIgniter\Autoloader\Autoloader->includeFile('C:\\xampp\\htdocs\\lab11_php_ci\\ci4\\app\\Config\\View.php')
 3 SYSTEMPATH\Autoloader\Autoloader.php(271): CodeIgniter\Autoloader\Autoloader->loadInNamespace('Config\\View')
 4 [internal function]: CodeIgniter\Autoloader\Autoloader->loadClass('Config\\View')
 5 SYSTEMPATH\Config\Factories.php(297): class_exists('Config\\View')
 6 SYSTEMPATH\Config\Factories.php(216): CodeIgniter\Config\Factories::locateClass([...], 'Config\\View')
 7 SYSTEMPATH\Config\Factories.php(159): CodeIgniter\Config\Factories::getDefinedInstance([...], 'Config\\View', [])
 8 SYSTEMPATH\Config\Factories.php(188): CodeIgniter\Config\Factories::__callStatic('config', [])
 9 SYSTEMPATH\Common.php(210): CodeIgniter\Config\Factories::get('config', 'Config\\View')
10 SYSTEMPATH\Config\Services.php(507): config('Config\\View')
11 SYSTEMPATH\Config\BaseService.php(321): CodeIgniter\Config\Services::renderer('C:\\xampp\\htdocs\\lab11_php_ci\\ci4\\app\\Config/../Views', null, false)
12 SYSTEMPATH\Config\Services.php(471): CodeIgniter\Config\BaseService::__callStatic('renderer', [...])
13 SYSTEMPATH\Config\BaseService.php(312): CodeIgniter\Config\Services::pager(Object(Config\Pager), null, false)
14 SYSTEMPATH\Config\BaseService.php(251): CodeIgniter\Config\BaseService::__callStatic('pager', [...])
15 SYSTEMPATH\Config\Services.php(467): CodeIgniter\Config\BaseService::getSharedInstance('pager', null, null)
16 SYSTEMPATH\Config\BaseService.php(321): CodeIgniter\Config\Services::pager()
17 SYSTEMPATH\Config\BaseService.php(202): CodeIgniter\Config\BaseService::__callStatic('pager', [])
18 SYSTEMPATH\Common.php(1000): CodeIgniter\Config\BaseService::get('pager')
19 SYSTEMPATH\BaseModel.php(1275): service('pager')
20 APPPATH\Controllers\Artikel.php(51): CodeIgniter\BaseModel->paginate(10)
21 SYSTEMPATH\CodeIgniter.php(933): App\Controllers\Artikel->admin_index()
22 SYSTEMPATH\CodeIgniter.php(507): CodeIgniter\CodeIgniter->runController(Object(App\Controllers\Artikel))
23 SYSTEMPATH\CodeIgniter.php(354): CodeIgniter\CodeIgniter->handleRequest(null, Object(Config\Cache), false)
24 SYSTEMPATH\Boot.php(334): CodeIgniter\CodeIgniter->run()
25 SYSTEMPATH\Boot.php(67): CodeIgniter\Boot::runCodeIgniter(Object(CodeIgniter\CodeIgniter))
26 FCPATH\index.php(56): CodeIgniter\Boot::bootWeb(Object(Config\Paths))
27 SYSTEMPATH\rewrite.php(44): require_once('C:\\xampp\\htdocs\\lab11_php_ci\\ci4\\public\\index.php')
CRITICAL - 2025-06-28 05:49:37 --> Error: Call to undefined method CodeIgniter\Autoloader\Autoloader::include()
[Method: GET, Route: admin/artikel]
in APPPATH\Config\View.php on line 1.
 1 SYSTEMPATH\Autoloader\Autoloader.php(316): include_once()
 2 SYSTEMPATH\Autoloader\Autoloader.php(295): CodeIgniter\Autoloader\Autoloader->includeFile('C:\\xampp\\htdocs\\lab11_php_ci\\ci4\\app\\Config\\View.php')
 3 SYSTEMPATH\Autoloader\Autoloader.php(271): CodeIgniter\Autoloader\Autoloader->loadInNamespace('Config\\View')
 4 [internal function]: CodeIgniter\Autoloader\Autoloader->loadClass('Config\\View')
 5 SYSTEMPATH\Config\Factories.php(297): class_exists('Config\\View')
 6 SYSTEMPATH\Config\Factories.php(216): CodeIgniter\Config\Factories::locateClass([...], 'Config\\View')
 7 SYSTEMPATH\Config\Factories.php(159): CodeIgniter\Config\Factories::getDefinedInstance([...], 'Config\\View', [])
 8 SYSTEMPATH\Config\Factories.php(188): CodeIgniter\Config\Factories::__callStatic('config', [])
 9 SYSTEMPATH\Common.php(210): CodeIgniter\Config\Factories::get('config', 'Config\\View')
10 SYSTEMPATH\Config\Services.php(507): config('Config\\View')
11 SYSTEMPATH\Config\BaseService.php(321): CodeIgniter\Config\Services::renderer('C:\\xampp\\htdocs\\lab11_php_ci\\ci4\\app\\Config/../Views', null, false)
12 SYSTEMPATH\Config\Services.php(471): CodeIgniter\Config\BaseService::__callStatic('renderer', [...])
13 SYSTEMPATH\Config\BaseService.php(312): CodeIgniter\Config\Services::pager(Object(Config\Pager), null, false)
14 SYSTEMPATH\Config\BaseService.php(251): CodeIgniter\Config\BaseService::__callStatic('pager', [...])
15 SYSTEMPATH\Config\Services.php(467): CodeIgniter\Config\BaseService::getSharedInstance('pager', null, null)
16 SYSTEMPATH\Config\BaseService.php(321): CodeIgniter\Config\Services::pager()
17 SYSTEMPATH\Config\BaseService.php(202): CodeIgniter\Config\BaseService::__callStatic('pager', [])
18 SYSTEMPATH\Common.php(1000): CodeIgniter\Config\BaseService::get('pager')
19 SYSTEMPATH\BaseModel.php(1275): service('pager')
20 APPPATH\Controllers\Artikel.php(51): CodeIgniter\BaseModel->paginate(10)
21 SYSTEMPATH\CodeIgniter.php(933): App\Controllers\Artikel->admin_index()
22 SYSTEMPATH\CodeIgniter.php(507): CodeIgniter\CodeIgniter->runController(Object(App\Controllers\Artikel))
23 SYSTEMPATH\CodeIgniter.php(354): CodeIgniter\CodeIgniter->handleRequest(null, Object(Config\Cache), false)
24 SYSTEMPATH\Boot.php(334): CodeIgniter\CodeIgniter->run()
25 SYSTEMPATH\Boot.php(67): CodeIgniter\Boot::runCodeIgniter(Object(CodeIgniter\CodeIgniter))
26 FCPATH\index.php(56): CodeIgniter\Boot::bootWeb(Object(Config\Paths))
27 SYSTEMPATH\rewrite.php(44): require_once('C:\\xampp\\htdocs\\lab11_php_ci\\ci4\\public\\index.php')
CRITICAL - 2025-06-28 05:49:38 --> Error: Call to undefined method CodeIgniter\Autoloader\Autoloader::include()
[Method: GET, Route: admin/artikel]
in APPPATH\Config\View.php on line 1.
 1 SYSTEMPATH\Autoloader\Autoloader.php(316): include_once()
 2 SYSTEMPATH\Autoloader\Autoloader.php(295): CodeIgniter\Autoloader\Autoloader->includeFile('C:\\xampp\\htdocs\\lab11_php_ci\\ci4\\app\\Config\\View.php')
 3 SYSTEMPATH\Autoloader\Autoloader.php(271): CodeIgniter\Autoloader\Autoloader->loadInNamespace('Config\\View')
 4 [internal function]: CodeIgniter\Autoloader\Autoloader->loadClass('Config\\View')
 5 SYSTEMPATH\Config\Factories.php(297): class_exists('Config\\View')
 6 SYSTEMPATH\Config\Factories.php(216): CodeIgniter\Config\Factories::locateClass([...], 'Config\\View')
 7 SYSTEMPATH\Config\Factories.php(159): CodeIgniter\Config\Factories::getDefinedInstance([...], 'Config\\View', [])
 8 SYSTEMPATH\Config\Factories.php(188): CodeIgniter\Config\Factories::__callStatic('config', [])
 9 SYSTEMPATH\Common.php(210): CodeIgniter\Config\Factories::get('config', 'Config\\View')
10 SYSTEMPATH\Config\Services.php(507): config('Config\\View')
11 SYSTEMPATH\Config\BaseService.php(321): CodeIgniter\Config\Services::renderer('C:\\xampp\\htdocs\\lab11_php_ci\\ci4\\app\\Config/../Views', null, false)
12 SYSTEMPATH\Config\Services.php(471): CodeIgniter\Config\BaseService::__callStatic('renderer', [...])
13 SYSTEMPATH\Config\BaseService.php(312): CodeIgniter\Config\Services::pager(Object(Config\Pager), null, false)
14 SYSTEMPATH\Config\BaseService.php(251): CodeIgniter\Config\BaseService::__callStatic('pager', [...])
15 SYSTEMPATH\Config\Services.php(467): CodeIgniter\Config\BaseService::getSharedInstance('pager', null, null)
16 SYSTEMPATH\Config\BaseService.php(321): CodeIgniter\Config\Services::pager()
17 SYSTEMPATH\Config\BaseService.php(202): CodeIgniter\Config\BaseService::__callStatic('pager', [])
18 SYSTEMPATH\Common.php(1000): CodeIgniter\Config\BaseService::get('pager')
19 SYSTEMPATH\BaseModel.php(1275): service('pager')
20 APPPATH\Controllers\Artikel.php(51): CodeIgniter\BaseModel->paginate(10)
21 SYSTEMPATH\CodeIgniter.php(933): App\Controllers\Artikel->admin_index()
22 SYSTEMPATH\CodeIgniter.php(507): CodeIgniter\CodeIgniter->runController(Object(App\Controllers\Artikel))
23 SYSTEMPATH\CodeIgniter.php(354): CodeIgniter\CodeIgniter->handleRequest(null, Object(Config\Cache), false)
24 SYSTEMPATH\Boot.php(334): CodeIgniter\CodeIgniter->run()
25 SYSTEMPATH\Boot.php(67): CodeIgniter\Boot::runCodeIgniter(Object(CodeIgniter\CodeIgniter))
26 FCPATH\index.php(56): CodeIgniter\Boot::bootWeb(Object(Config\Paths))
27 SYSTEMPATH\rewrite.php(44): require_once('C:\\xampp\\htdocs\\lab11_php_ci\\ci4\\public\\index.php')
CRITICAL - 2025-06-28 05:52:14 --> Error: Call to undefined method CodeIgniter\Autoloader\Autoloader::include()
[Method: GET, Route: admin/artikel]
in APPPATH\Config\View.php on line 1.
 1 SYSTEMPATH\Autoloader\Autoloader.php(316): include_once()
 2 SYSTEMPATH\Autoloader\Autoloader.php(295): CodeIgniter\Autoloader\Autoloader->includeFile('C:\\xampp\\htdocs\\lab11_php_ci\\ci4\\app\\Config\\View.php')
 3 SYSTEMPATH\Autoloader\Autoloader.php(271): CodeIgniter\Autoloader\Autoloader->loadInNamespace('Config\\View')
 4 [internal function]: CodeIgniter\Autoloader\Autoloader->loadClass('Config\\View')
 5 SYSTEMPATH\Config\Factories.php(297): class_exists('Config\\View')
 6 SYSTEMPATH\Config\Factories.php(216): CodeIgniter\Config\Factories::locateClass([...], 'Config\\View')
 7 SYSTEMPATH\Config\Factories.php(159): CodeIgniter\Config\Factories::getDefinedInstance([...], 'Config\\View', [])
 8 SYSTEMPATH\Config\Factories.php(188): CodeIgniter\Config\Factories::__callStatic('config', [])
 9 SYSTEMPATH\Common.php(210): CodeIgniter\Config\Factories::get('config', 'Config\\View')
10 SYSTEMPATH\Config\Services.php(507): config('Config\\View')
11 SYSTEMPATH\Config\BaseService.php(321): CodeIgniter\Config\Services::renderer('C:\\xampp\\htdocs\\lab11_php_ci\\ci4\\app\\Config/../Views', null, false)
12 SYSTEMPATH\Config\Services.php(471): CodeIgniter\Config\BaseService::__callStatic('renderer', [...])
13 SYSTEMPATH\Config\BaseService.php(312): CodeIgniter\Config\Services::pager(Object(Config\Pager), null, false)
14 SYSTEMPATH\Config\BaseService.php(251): CodeIgniter\Config\BaseService::__callStatic('pager', [...])
15 SYSTEMPATH\Config\Services.php(467): CodeIgniter\Config\BaseService::getSharedInstance('pager', null, null)
16 SYSTEMPATH\Config\BaseService.php(321): CodeIgniter\Config\Services::pager()
17 SYSTEMPATH\Config\BaseService.php(202): CodeIgniter\Config\BaseService::__callStatic('pager', [])
18 SYSTEMPATH\Common.php(1000): CodeIgniter\Config\BaseService::get('pager')
19 SYSTEMPATH\BaseModel.php(1275): service('pager')
20 APPPATH\Controllers\Artikel.php(51): CodeIgniter\BaseModel->paginate(10)
21 SYSTEMPATH\CodeIgniter.php(933): App\Controllers\Artikel->admin_index()
22 SYSTEMPATH\CodeIgniter.php(507): CodeIgniter\CodeIgniter->runController(Object(App\Controllers\Artikel))
23 SYSTEMPATH\CodeIgniter.php(354): CodeIgniter\CodeIgniter->handleRequest(null, Object(Config\Cache), false)
24 SYSTEMPATH\Boot.php(334): CodeIgniter\CodeIgniter->run()
25 SYSTEMPATH\Boot.php(67): CodeIgniter\Boot::runCodeIgniter(Object(CodeIgniter\CodeIgniter))
26 FCPATH\index.php(56): CodeIgniter\Boot::bootWeb(Object(Config\Paths))
27 SYSTEMPATH\rewrite.php(44): require_once('C:\\xampp\\htdocs\\lab11_php_ci\\ci4\\public\\index.php')
CRITICAL - 2025-06-28 05:52:31 --> Error: Call to undefined method CodeIgniter\Autoloader\Autoloader::include()
[Method: GET, Route: admin/artikel]
in APPPATH\Config\View.php on line 1.
 1 SYSTEMPATH\Autoloader\Autoloader.php(316): include_once()
 2 SYSTEMPATH\Autoloader\Autoloader.php(295): CodeIgniter\Autoloader\Autoloader->includeFile('C:\\xampp\\htdocs\\lab11_php_ci\\ci4\\app\\Config\\View.php')
 3 SYSTEMPATH\Autoloader\Autoloader.php(271): CodeIgniter\Autoloader\Autoloader->loadInNamespace('Config\\View')
 4 [internal function]: CodeIgniter\Autoloader\Autoloader->loadClass('Config\\View')
 5 SYSTEMPATH\Config\Factories.php(297): class_exists('Config\\View')
 6 SYSTEMPATH\Config\Factories.php(216): CodeIgniter\Config\Factories::locateClass([...], 'Config\\View')
 7 SYSTEMPATH\Config\Factories.php(159): CodeIgniter\Config\Factories::getDefinedInstance([...], 'Config\\View', [])
 8 SYSTEMPATH\Config\Factories.php(188): CodeIgniter\Config\Factories::__callStatic('config', [])
 9 SYSTEMPATH\Common.php(210): CodeIgniter\Config\Factories::get('config', 'Config\\View')
10 SYSTEMPATH\Config\Services.php(507): config('Config\\View')
11 SYSTEMPATH\Config\BaseService.php(321): CodeIgniter\Config\Services::renderer('C:\\xampp\\htdocs\\lab11_php_ci\\ci4\\app\\Config/../Views', null, false)
12 SYSTEMPATH\Config\Services.php(471): CodeIgniter\Config\BaseService::__callStatic('renderer', [...])
13 SYSTEMPATH\Config\BaseService.php(312): CodeIgniter\Config\Services::pager(Object(Config\Pager), null, false)
14 SYSTEMPATH\Config\BaseService.php(251): CodeIgniter\Config\BaseService::__callStatic('pager', [...])
15 SYSTEMPATH\Config\Services.php(467): CodeIgniter\Config\BaseService::getSharedInstance('pager', null, null)
16 SYSTEMPATH\Config\BaseService.php(321): CodeIgniter\Config\Services::pager()
17 SYSTEMPATH\Config\BaseService.php(202): CodeIgniter\Config\BaseService::__callStatic('pager', [])
18 SYSTEMPATH\Common.php(1000): CodeIgniter\Config\BaseService::get('pager')
19 SYSTEMPATH\BaseModel.php(1275): service('pager')
20 APPPATH\Controllers\Artikel.php(51): CodeIgniter\BaseModel->paginate(10)
21 SYSTEMPATH\CodeIgniter.php(933): App\Controllers\Artikel->admin_index()
22 SYSTEMPATH\CodeIgniter.php(507): CodeIgniter\CodeIgniter->runController(Object(App\Controllers\Artikel))
23 SYSTEMPATH\CodeIgniter.php(354): CodeIgniter\CodeIgniter->handleRequest(null, Object(Config\Cache), false)
24 SYSTEMPATH\Boot.php(334): CodeIgniter\CodeIgniter->run()
25 SYSTEMPATH\Boot.php(67): CodeIgniter\Boot::runCodeIgniter(Object(CodeIgniter\CodeIgniter))
26 FCPATH\index.php(56): CodeIgniter\Boot::bootWeb(Object(Config\Paths))
27 SYSTEMPATH\rewrite.php(44): require_once('C:\\xampp\\htdocs\\lab11_php_ci\\ci4\\public\\index.php')
CRITICAL - 2025-06-28 05:56:56 --> Error: Call to undefined method CodeIgniter\Autoloader\Autoloader::include()
[Method: GET, Route: admin/artikel]
in APPPATH\Config\View.php on line 1.
 1 SYSTEMPATH\Autoloader\Autoloader.php(316): include_once()
 2 SYSTEMPATH\Autoloader\Autoloader.php(295): CodeIgniter\Autoloader\Autoloader->includeFile('C:\\xampp\\htdocs\\lab11_php_ci\\ci4\\app\\Config\\View.php')
 3 SYSTEMPATH\Autoloader\Autoloader.php(271): CodeIgniter\Autoloader\Autoloader->loadInNamespace('Config\\View')
 4 [internal function]: CodeIgniter\Autoloader\Autoloader->loadClass('Config\\View')
 5 SYSTEMPATH\Config\Factories.php(297): class_exists('Config\\View')
 6 SYSTEMPATH\Config\Factories.php(216): CodeIgniter\Config\Factories::locateClass([...], 'Config\\View')
 7 SYSTEMPATH\Config\Factories.php(159): CodeIgniter\Config\Factories::getDefinedInstance([...], 'Config\\View', [])
 8 SYSTEMPATH\Config\Factories.php(188): CodeIgniter\Config\Factories::__callStatic('config', [])
 9 SYSTEMPATH\Common.php(210): CodeIgniter\Config\Factories::get('config', 'Config\\View')
10 SYSTEMPATH\Config\Services.php(507): config('Config\\View')
11 SYSTEMPATH\Config\BaseService.php(321): CodeIgniter\Config\Services::renderer('C:\\xampp\\htdocs\\lab11_php_ci\\ci4\\app\\Config/../Views', null, false)
12 SYSTEMPATH\Config\Services.php(471): CodeIgniter\Config\BaseService::__callStatic('renderer', [...])
13 SYSTEMPATH\Config\BaseService.php(312): CodeIgniter\Config\Services::pager(Object(Config\Pager), null, false)
14 SYSTEMPATH\Config\BaseService.php(251): CodeIgniter\Config\BaseService::__callStatic('pager', [...])
15 SYSTEMPATH\Config\Services.php(467): CodeIgniter\Config\BaseService::getSharedInstance('pager', null, null)
16 SYSTEMPATH\Config\BaseService.php(321): CodeIgniter\Config\Services::pager()
17 SYSTEMPATH\Config\BaseService.php(202): CodeIgniter\Config\BaseService::__callStatic('pager', [])
18 SYSTEMPATH\Common.php(1000): CodeIgniter\Config\BaseService::get('pager')
19 SYSTEMPATH\BaseModel.php(1275): service('pager')
20 APPPATH\Controllers\Artikel.php(51): CodeIgniter\BaseModel->paginate(10)
21 SYSTEMPATH\CodeIgniter.php(933): App\Controllers\Artikel->admin_index()
22 SYSTEMPATH\CodeIgniter.php(507): CodeIgniter\CodeIgniter->runController(Object(App\Controllers\Artikel))
23 SYSTEMPATH\CodeIgniter.php(354): CodeIgniter\CodeIgniter->handleRequest(null, Object(Config\Cache), false)
24 SYSTEMPATH\Boot.php(334): CodeIgniter\CodeIgniter->run()
25 SYSTEMPATH\Boot.php(67): CodeIgniter\Boot::runCodeIgniter(Object(CodeIgniter\CodeIgniter))
26 FCPATH\index.php(56): CodeIgniter\Boot::bootWeb(Object(Config\Paths))
27 SYSTEMPATH\rewrite.php(44): require_once('C:\\xampp\\htdocs\\lab11_php_ci\\ci4\\public\\index.php')
CRITICAL - 2025-06-28 05:57:02 --> Error: Call to undefined method CodeIgniter\Autoloader\Autoloader::include()
[Method: GET, Route: admin/artikel]
in APPPATH\Config\View.php on line 1.
 1 SYSTEMPATH\Autoloader\Autoloader.php(316): include_once()
 2 SYSTEMPATH\Autoloader\Autoloader.php(295): CodeIgniter\Autoloader\Autoloader->includeFile('C:\\xampp\\htdocs\\lab11_php_ci\\ci4\\app\\Config\\View.php')
 3 SYSTEMPATH\Autoloader\Autoloader.php(271): CodeIgniter\Autoloader\Autoloader->loadInNamespace('Config\\View')
 4 [internal function]: CodeIgniter\Autoloader\Autoloader->loadClass('Config\\View')
 5 SYSTEMPATH\Config\Factories.php(297): class_exists('Config\\View')
 6 SYSTEMPATH\Config\Factories.php(216): CodeIgniter\Config\Factories::locateClass([...], 'Config\\View')
 7 SYSTEMPATH\Config\Factories.php(159): CodeIgniter\Config\Factories::getDefinedInstance([...], 'Config\\View', [])
 8 SYSTEMPATH\Config\Factories.php(188): CodeIgniter\Config\Factories::__callStatic('config', [])
 9 SYSTEMPATH\Common.php(210): CodeIgniter\Config\Factories::get('config', 'Config\\View')
10 SYSTEMPATH\Config\Services.php(507): config('Config\\View')
11 SYSTEMPATH\Config\BaseService.php(321): CodeIgniter\Config\Services::renderer('C:\\xampp\\htdocs\\lab11_php_ci\\ci4\\app\\Config/../Views', null, false)
12 SYSTEMPATH\Config\Services.php(471): CodeIgniter\Config\BaseService::__callStatic('renderer', [...])
13 SYSTEMPATH\Config\BaseService.php(312): CodeIgniter\Config\Services::pager(Object(Config\Pager), null, false)
14 SYSTEMPATH\Config\BaseService.php(251): CodeIgniter\Config\BaseService::__callStatic('pager', [...])
15 SYSTEMPATH\Config\Services.php(467): CodeIgniter\Config\BaseService::getSharedInstance('pager', null, null)
16 SYSTEMPATH\Config\BaseService.php(321): CodeIgniter\Config\Services::pager()
17 SYSTEMPATH\Config\BaseService.php(202): CodeIgniter\Config\BaseService::__callStatic('pager', [])
18 SYSTEMPATH\Common.php(1000): CodeIgniter\Config\BaseService::get('pager')
19 SYSTEMPATH\BaseModel.php(1275): service('pager')
20 APPPATH\Controllers\Artikel.php(51): CodeIgniter\BaseModel->paginate(10)
21 SYSTEMPATH\CodeIgniter.php(933): App\Controllers\Artikel->admin_index()
22 SYSTEMPATH\CodeIgniter.php(507): CodeIgniter\CodeIgniter->runController(Object(App\Controllers\Artikel))
23 SYSTEMPATH\CodeIgniter.php(354): CodeIgniter\CodeIgniter->handleRequest(null, Object(Config\Cache), false)
24 SYSTEMPATH\Boot.php(334): CodeIgniter\CodeIgniter->run()
25 SYSTEMPATH\Boot.php(67): CodeIgniter\Boot::runCodeIgniter(Object(CodeIgniter\CodeIgniter))
26 FCPATH\index.php(56): CodeIgniter\Boot::bootWeb(Object(Config\Paths))
27 SYSTEMPATH\rewrite.php(44): require_once('C:\\xampp\\htdocs\\lab11_php_ci\\ci4\\public\\index.php')
CRITICAL - 2025-06-28 06:08:05 --> Error: Call to undefined method CodeIgniter\Autoloader\Autoloader::include()
[Method: GET, Route: admin/artikel]
in APPPATH\Config\View.php on line 1.
 1 SYSTEMPATH\Autoloader\Autoloader.php(316): include_once()
 2 SYSTEMPATH\Autoloader\Autoloader.php(295): CodeIgniter\Autoloader\Autoloader->includeFile('C:\\xampp\\htdocs\\lab11_php_ci\\ci4\\app\\Config\\View.php')
 3 SYSTEMPATH\Autoloader\Autoloader.php(271): CodeIgniter\Autoloader\Autoloader->loadInNamespace('Config\\View')
 4 [internal function]: CodeIgniter\Autoloader\Autoloader->loadClass('Config\\View')
 5 SYSTEMPATH\Config\Factories.php(297): class_exists('Config\\View')
 6 SYSTEMPATH\Config\Factories.php(216): CodeIgniter\Config\Factories::locateClass([...], 'Config\\View')
 7 SYSTEMPATH\Config\Factories.php(159): CodeIgniter\Config\Factories::getDefinedInstance([...], 'Config\\View', [])
 8 SYSTEMPATH\Config\Factories.php(188): CodeIgniter\Config\Factories::__callStatic('config', [])
 9 SYSTEMPATH\Common.php(210): CodeIgniter\Config\Factories::get('config', 'Config\\View')
10 SYSTEMPATH\Config\Services.php(507): config('Config\\View')
11 SYSTEMPATH\Config\BaseService.php(321): CodeIgniter\Config\Services::renderer('C:\\xampp\\htdocs\\lab11_php_ci\\ci4\\app\\Config/../Views', null, false)
12 SYSTEMPATH\Config\Services.php(471): CodeIgniter\Config\BaseService::__callStatic('renderer', [...])
13 SYSTEMPATH\Config\BaseService.php(312): CodeIgniter\Config\Services::pager(Object(Config\Pager), null, false)
14 SYSTEMPATH\Config\BaseService.php(251): CodeIgniter\Config\BaseService::__callStatic('pager', [...])
15 SYSTEMPATH\Config\Services.php(467): CodeIgniter\Config\BaseService::getSharedInstance('pager', null, null)
16 SYSTEMPATH\Config\BaseService.php(321): CodeIgniter\Config\Services::pager()
17 SYSTEMPATH\Config\BaseService.php(202): CodeIgniter\Config\BaseService::__callStatic('pager', [])
18 SYSTEMPATH\Common.php(1000): CodeIgniter\Config\BaseService::get('pager')
19 SYSTEMPATH\BaseModel.php(1275): service('pager')
20 APPPATH\Controllers\Artikel.php(51): CodeIgniter\BaseModel->paginate(10)
21 SYSTEMPATH\CodeIgniter.php(933): App\Controllers\Artikel->admin_index()
22 SYSTEMPATH\CodeIgniter.php(507): CodeIgniter\CodeIgniter->runController(Object(App\Controllers\Artikel))
23 SYSTEMPATH\CodeIgniter.php(354): CodeIgniter\CodeIgniter->handleRequest(null, Object(Config\Cache), false)
24 SYSTEMPATH\Boot.php(334): CodeIgniter\CodeIgniter->run()
25 SYSTEMPATH\Boot.php(67): CodeIgniter\Boot::runCodeIgniter(Object(CodeIgniter\CodeIgniter))
26 FCPATH\index.php(56): CodeIgniter\Boot::bootWeb(Object(Config\Paths))
27 SYSTEMPATH\rewrite.php(44): require_once('C:\\xampp\\htdocs\\lab11_php_ci\\ci4\\public\\index.php')
CRITICAL - 2025-06-28 06:08:06 --> Error: Call to undefined method CodeIgniter\Autoloader\Autoloader::include()
[Method: GET, Route: admin/artikel]
in APPPATH\Config\View.php on line 1.
 1 SYSTEMPATH\Autoloader\Autoloader.php(316): include_once()
 2 SYSTEMPATH\Autoloader\Autoloader.php(295): CodeIgniter\Autoloader\Autoloader->includeFile('C:\\xampp\\htdocs\\lab11_php_ci\\ci4\\app\\Config\\View.php')
 3 SYSTEMPATH\Autoloader\Autoloader.php(271): CodeIgniter\Autoloader\Autoloader->loadInNamespace('Config\\View')
 4 [internal function]: CodeIgniter\Autoloader\Autoloader->loadClass('Config\\View')
 5 SYSTEMPATH\Config\Factories.php(297): class_exists('Config\\View')
 6 SYSTEMPATH\Config\Factories.php(216): CodeIgniter\Config\Factories::locateClass([...], 'Config\\View')
 7 SYSTEMPATH\Config\Factories.php(159): CodeIgniter\Config\Factories::getDefinedInstance([...], 'Config\\View', [])
 8 SYSTEMPATH\Config\Factories.php(188): CodeIgniter\Config\Factories::__callStatic('config', [])
 9 SYSTEMPATH\Common.php(210): CodeIgniter\Config\Factories::get('config', 'Config\\View')
10 SYSTEMPATH\Config\Services.php(507): config('Config\\View')
11 SYSTEMPATH\Config\BaseService.php(321): CodeIgniter\Config\Services::renderer('C:\\xampp\\htdocs\\lab11_php_ci\\ci4\\app\\Config/../Views', null, false)
12 SYSTEMPATH\Config\Services.php(471): CodeIgniter\Config\BaseService::__callStatic('renderer', [...])
13 SYSTEMPATH\Config\BaseService.php(312): CodeIgniter\Config\Services::pager(Object(Config\Pager), null, false)
14 SYSTEMPATH\Config\BaseService.php(251): CodeIgniter\Config\BaseService::__callStatic('pager', [...])
15 SYSTEMPATH\Config\Services.php(467): CodeIgniter\Config\BaseService::getSharedInstance('pager', null, null)
16 SYSTEMPATH\Config\BaseService.php(321): CodeIgniter\Config\Services::pager()
17 SYSTEMPATH\Config\BaseService.php(202): CodeIgniter\Config\BaseService::__callStatic('pager', [])
18 SYSTEMPATH\Common.php(1000): CodeIgniter\Config\BaseService::get('pager')
19 SYSTEMPATH\BaseModel.php(1275): service('pager')
20 APPPATH\Controllers\Artikel.php(51): CodeIgniter\BaseModel->paginate(10)
21 SYSTEMPATH\CodeIgniter.php(933): App\Controllers\Artikel->admin_index()
22 SYSTEMPATH\CodeIgniter.php(507): CodeIgniter\CodeIgniter->runController(Object(App\Controllers\Artikel))
23 SYSTEMPATH\CodeIgniter.php(354): CodeIgniter\CodeIgniter->handleRequest(null, Object(Config\Cache), false)
24 SYSTEMPATH\Boot.php(334): CodeIgniter\CodeIgniter->run()
25 SYSTEMPATH\Boot.php(67): CodeIgniter\Boot::runCodeIgniter(Object(CodeIgniter\CodeIgniter))
26 FCPATH\index.php(56): CodeIgniter\Boot::bootWeb(Object(Config\Paths))
27 SYSTEMPATH\rewrite.php(44): require_once('C:\\xampp\\htdocs\\lab11_php_ci\\ci4\\public\\index.php')
DEBUG - 2025-06-28 06:15:41 --> Session: Class initialized using 'CodeIgniter\Session\Handlers\FileHandler' driver.
CRITICAL - 2025-06-28 06:15:41 --> Error: Call to undefined method CodeIgniter\Autoloader\Autoloader::include()
[Method: GET, Route: admin/artikel]
in APPPATH\Config\View.php on line 1.
 1 SYSTEMPATH\Autoloader\Autoloader.php(316): include_once()
 2 SYSTEMPATH\Autoloader\Autoloader.php(295): CodeIgniter\Autoloader\Autoloader->includeFile('C:\\xampp\\htdocs\\lab11_php_ci\\ci4\\app\\Config\\View.php')
 3 SYSTEMPATH\Autoloader\Autoloader.php(271): CodeIgniter\Autoloader\Autoloader->loadInNamespace('Config\\View')
 4 [internal function]: CodeIgniter\Autoloader\Autoloader->loadClass('Config\\View')
 5 SYSTEMPATH\Config\Factories.php(297): class_exists('Config\\View')
 6 SYSTEMPATH\Config\Factories.php(216): CodeIgniter\Config\Factories::locateClass([...], 'Config\\View')
 7 SYSTEMPATH\Config\Factories.php(159): CodeIgniter\Config\Factories::getDefinedInstance([...], 'Config\\View', [])
 8 SYSTEMPATH\Config\Factories.php(188): CodeIgniter\Config\Factories::__callStatic('config', [])
 9 SYSTEMPATH\Common.php(210): CodeIgniter\Config\Factories::get('config', 'Config\\View')
10 SYSTEMPATH\Config\Services.php(507): config('Config\\View')
11 SYSTEMPATH\Config\BaseService.php(321): CodeIgniter\Config\Services::renderer('C:\\xampp\\htdocs\\lab11_php_ci\\ci4\\app\\Config/../Views', null, false)
12 SYSTEMPATH\Config\Services.php(471): CodeIgniter\Config\BaseService::__callStatic('renderer', [...])
13 SYSTEMPATH\Config\BaseService.php(312): CodeIgniter\Config\Services::pager(Object(Config\Pager), null, false)
14 SYSTEMPATH\Config\BaseService.php(251): CodeIgniter\Config\BaseService::__callStatic('pager', [...])
15 SYSTEMPATH\Config\Services.php(467): CodeIgniter\Config\BaseService::getSharedInstance('pager', null, null)
16 SYSTEMPATH\Config\BaseService.php(321): CodeIgniter\Config\Services::pager()
17 SYSTEMPATH\Config\BaseService.php(202): CodeIgniter\Config\BaseService::__callStatic('pager', [])
18 SYSTEMPATH\Common.php(1000): CodeIgniter\Config\BaseService::get('pager')
19 SYSTEMPATH\BaseModel.php(1275): service('pager')
20 APPPATH\Controllers\Artikel.php(51): CodeIgniter\BaseModel->paginate(10)
21 SYSTEMPATH\CodeIgniter.php(933): App\Controllers\Artikel->admin_index()
22 SYSTEMPATH\CodeIgniter.php(507): CodeIgniter\CodeIgniter->runController(Object(App\Controllers\Artikel))
23 SYSTEMPATH\CodeIgniter.php(354): CodeIgniter\CodeIgniter->handleRequest(null, Object(Config\Cache), false)
24 SYSTEMPATH\Boot.php(334): CodeIgniter\CodeIgniter->run()
25 SYSTEMPATH\Boot.php(67): CodeIgniter\Boot::runCodeIgniter(Object(CodeIgniter\CodeIgniter))
26 FCPATH\index.php(56): CodeIgniter\Boot::bootWeb(Object(Config\Paths))
27 SYSTEMPATH\rewrite.php(44): require_once('C:\\xampp\\htdocs\\lab11_php_ci\\ci4\\public\\index.php')
DEBUG - 2025-06-28 06:18:24 --> Session: Class initialized using 'CodeIgniter\Session\Handlers\FileHandler' driver.
CRITICAL - 2025-06-28 06:18:24 --> ErrorException: Type of Config\View::$saveData must not be defined (as in class CodeIgniter\Config\View)
[Method: GET, Route: admin/artikel]
in APPPATH\Config\View.php on line 7.
 1 [internal function]: CodeIgniter\Debug\Exceptions->shutdownHandler()
DEBUG - 2025-06-28 06:18:25 --> Session: Class initialized using 'CodeIgniter\Session\Handlers\FileHandler' driver.
CRITICAL - 2025-06-28 06:18:25 --> ErrorException: Type of Config\View::$saveData must not be defined (as in class CodeIgniter\Config\View)
[Method: GET, Route: admin/artikel]
in APPPATH\Config\View.php on line 7.
 1 [internal function]: CodeIgniter\Debug\Exceptions->shutdownHandler()
DEBUG - 2025-06-28 06:19:04 --> Session: Class initialized using 'CodeIgniter\Session\Handlers\FileHandler' driver.
CRITICAL - 2025-06-28 06:19:04 --> ErrorException: Type of Config\View::$saveData must not be defined (as in class CodeIgniter\Config\View)
[Method: GET, Route: admin/artikel]
in APPPATH\Config\View.php on line 7.
 1 [internal function]: CodeIgniter\Debug\Exceptions->shutdownHandler()
DEBUG - 2025-06-28 06:19:06 --> Session: Class initialized using 'CodeIgniter\Session\Handlers\FileHandler' driver.
CRITICAL - 2025-06-28 06:19:06 --> ErrorException: Type of Config\View::$saveData must not be defined (as in class CodeIgniter\Config\View)
[Method: GET, Route: admin/artikel]
in APPPATH\Config\View.php on line 7.
 1 [internal function]: CodeIgniter\Debug\Exceptions->shutdownHandler()
DEBUG - 2025-06-28 06:21:21 --> Session: Class initialized using 'CodeIgniter\Session\Handlers\FileHandler' driver.
DEBUG - 2025-06-28 06:21:32 --> Session: Class initialized using 'CodeIgniter\Session\Handlers\FileHandler' driver.
DEBUG - 2025-06-28 06:21:34 --> Session: Class initialized using 'CodeIgniter\Session\Handlers\FileHandler' driver.
DEBUG - 2025-06-28 06:21:36 --> Session: Class initialized using 'CodeIgniter\Session\Handlers\FileHandler' driver.
DEBUG - 2025-06-28 06:21:40 --> Session: Class initialized using 'CodeIgniter\Session\Handlers\FileHandler' driver.
DEBUG - 2025-06-28 06:21:45 --> Session: Class initialized using 'CodeIgniter\Session\Handlers\FileHandler' driver.
DEBUG - 2025-06-28 06:21:48 --> Session: Class initialized using 'CodeIgniter\Session\Handlers\FileHandler' driver.
DEBUG - 2025-06-28 06:21:59 --> Session: Class initialized using 'CodeIgniter\Session\Handlers\FileHandler' driver.
DEBUG - 2025-06-28 06:22:01 --> Session: Class initialized using 'CodeIgniter\Session\Handlers\FileHandler' driver.
DEBUG - 2025-06-28 06:22:03 --> Session: Class initialized using 'CodeIgniter\Session\Handlers\FileHandler' driver.
DEBUG - 2025-06-28 06:22:14 --> Session: Class initialized using 'CodeIgniter\Session\Handlers\FileHandler' driver.
DEBUG - 2025-06-28 06:22:20 --> Session: Class initialized using 'CodeIgniter\Session\Handlers\FileHandler' driver.
DEBUG - 2025-06-28 06:22:22 --> Session: Class initialized using 'CodeIgniter\Session\Handlers\FileHandler' driver.
DEBUG - 2025-06-28 06:22:27 --> Session: Class initialized using 'CodeIgniter\Session\Handlers\FileHandler' driver.
DEBUG - 2025-06-28 06:22:37 --> Session: Class initialized using 'CodeIgniter\Session\Handlers\FileHandler' driver.
DEBUG - 2025-06-28 06:22:40 --> Session: Class initialized using 'CodeIgniter\Session\Handlers\FileHandler' driver.
DEBUG - 2025-06-28 06:22:54 --> Session: Class initialized using 'CodeIgniter\Session\Handlers\FileHandler' driver.
DEBUG - 2025-06-28 06:22:56 --> Session: Class initialized using 'CodeIgniter\Session\Handlers\FileHandler' driver.
DEBUG - 2025-06-28 06:22:58 --> Session: Class initialized using 'CodeIgniter\Session\Handlers\FileHandler' driver.
DEBUG - 2025-06-28 06:23:17 --> Session: Class initialized using 'CodeIgniter\Session\Handlers\FileHandler' driver.
DEBUG - 2025-06-28 06:26:01 --> Session: Class initialized using 'CodeIgniter\Session\Handlers\FileHandler' driver.
DEBUG - 2025-06-28 06:26:03 --> Session: Class initialized using 'CodeIgniter\Session\Handlers\FileHandler' driver.
DEBUG - 2025-06-28 06:26:06 --> Session: Class initialized using 'CodeIgniter\Session\Handlers\FileHandler' driver.
DEBUG - 2025-06-28 06:26:08 --> Session: Class initialized using 'CodeIgniter\Session\Handlers\FileHandler' driver.
DEBUG - 2025-06-28 06:26:24 --> Session: Class initialized using 'CodeIgniter\Session\Handlers\FileHandler' driver.
DEBUG - 2025-06-28 06:26:59 --> Session: Class initialized using 'CodeIgniter\Session\Handlers\FileHandler' driver.
DEBUG - 2025-06-28 06:27:21 --> Session: Class initialized using 'CodeIgniter\Session\Handlers\FileHandler' driver.
DEBUG - 2025-06-28 06:27:27 --> Session: Class initialized using 'CodeIgniter\Session\Handlers\FileHandler' driver.
DEBUG - 2025-06-28 06:27:30 --> Session: Class initialized using 'CodeIgniter\Session\Handlers\FileHandler' driver.
DEBUG - 2025-06-28 06:29:59 --> Session: Class initialized using 'CodeIgniter\Session\Handlers\FileHandler' driver.
DEBUG - 2025-06-28 06:33:11 --> Session: Class initialized using 'CodeIgniter\Session\Handlers\FileHandler' driver.
DEBUG - 2025-06-28 06:36:43 --> Session: Class initialized using 'CodeIgniter\Session\Handlers\FileHandler' driver.
DEBUG - 2025-06-28 06:39:29 --> Session: Class initialized using 'CodeIgniter\Session\Handlers\FileHandler' driver.
DEBUG - 2025-06-28 06:39:41 --> Session: Class initialized using 'CodeIgniter\Session\Handlers\FileHandler' driver.
DEBUG - 2025-06-28 06:39:41 --> Session: Class initialized using 'CodeIgniter\Session\Handlers\FileHandler' driver.
DEBUG - 2025-06-28 06:43:03 --> Session: Class initialized using 'CodeIgniter\Session\Handlers\FileHandler' driver.
DEBUG - 2025-06-28 06:43:06 --> Session: Class initialized using 'CodeIgniter\Session\Handlers\FileHandler' driver.
DEBUG - 2025-06-28 06:43:17 --> Session: Class initialized using 'CodeIgniter\Session\Handlers\FileHandler' driver.
DEBUG - 2025-06-28 06:43:20 --> Session: Class initialized using 'CodeIgniter\Session\Handlers\FileHandler' driver.
DEBUG - 2025-06-28 06:44:50 --> Session: Class initialized using 'CodeIgniter\Session\Handlers\FileHandler' driver.
DEBUG - 2025-06-28 06:48:03 --> Session: Class initialized using 'CodeIgniter\Session\Handlers\FileHandler' driver.
DEBUG - 2025-06-28 06:48:16 --> Session: Class initialized using 'CodeIgniter\Session\Handlers\FileHandler' driver.
DEBUG - 2025-06-28 06:50:36 --> Session: Class initialized using 'CodeIgniter\Session\Handlers\FileHandler' driver.
DEBUG - 2025-06-28 06:50:38 --> Session: Class initialized using 'CodeIgniter\Session\Handlers\FileHandler' driver.
DEBUG - 2025-06-28 06:50:49 --> Session: Class initialized using 'CodeIgniter\Session\Handlers\FileHandler' driver.
DEBUG - 2025-06-28 06:50:52 --> Session: Class initialized using 'CodeIgniter\Session\Handlers\FileHandler' driver.
CRITICAL - 2025-06-28 06:55:37 --> ErrorException: Cannot redeclare App\Controllers\Artikel::add()
[Method: GET, Route: admin/artikel]
in APPPATH\Controllers\Artikel.php on line 86.
 1 [internal function]: CodeIgniter\Debug\Exceptions->shutdownHandler()
DEBUG - 2025-06-28 06:57:57 --> Session: Class initialized using 'CodeIgniter\Session\Handlers\FileHandler' driver.
DEBUG - 2025-06-28 06:58:00 --> Session: Class initialized using 'CodeIgniter\Session\Handlers\FileHandler' driver.
DEBUG - 2025-06-28 06:58:11 --> Session: Class initialized using 'CodeIgniter\Session\Handlers\FileHandler' driver.
DEBUG - 2025-06-28 06:58:14 --> Session: Class initialized using 'CodeIgniter\Session\Handlers\FileHandler' driver.
DEBUG - 2025-06-28 06:58:19 --> Session: Class initialized using 'CodeIgniter\Session\Handlers\FileHandler' driver.
DEBUG - 2025-06-28 07:41:47 --> Session: Class initialized using 'CodeIgniter\Session\Handlers\FileHandler' driver.
DEBUG - 2025-06-28 07:42:09 --> Session: Class initialized using 'CodeIgniter\Session\Handlers\FileHandler' driver.
DEBUG - 2025-06-28 07:42:09 --> Session: Class initialized using 'CodeIgniter\Session\Handlers\FileHandler' driver.
DEBUG - 2025-06-28 07:42:49 --> Session: Class initialized using 'CodeIgniter\Session\Handlers\FileHandler' driver.
DEBUG - 2025-06-28 07:42:49 --> Session: Class initialized using 'CodeIgniter\Session\Handlers\FileHandler' driver.
DEBUG - 2025-06-28 07:42:51 --> Session: Class initialized using 'CodeIgniter\Session\Handlers\FileHandler' driver.
DEBUG - 2025-06-28 07:43:12 --> Session: Class initialized using 'CodeIgniter\Session\Handlers\FileHandler' driver.
DEBUG - 2025-06-28 07:43:12 --> Session: Class initialized using 'CodeIgniter\Session\Handlers\FileHandler' driver.
DEBUG - 2025-06-28 07:58:03 --> Session: Class initialized using 'CodeIgniter\Session\Handlers\FileHandler' driver.
DEBUG - 2025-06-28 07:58:06 --> Session: Class initialized using 'CodeIgniter\Session\Handlers\FileHandler' driver.
DEBUG - 2025-06-28 07:58:12 --> Session: Class initialized using 'CodeIgniter\Session\Handlers\FileHandler' driver.
DEBUG - 2025-06-28 08:00:09 --> Session: Class initialized using 'CodeIgniter\Session\Handlers\FileHandler' driver.
DEBUG - 2025-06-28 08:00:09 --> Session: Class initialized using 'CodeIgniter\Session\Handlers\FileHandler' driver.
DEBUG - 2025-06-28 08:00:20 --> Session: Class initialized using 'CodeIgniter\Session\Handlers\FileHandler' driver.
DEBUG - 2025-06-28 08:00:25 --> Session: Class initialized using 'CodeIgniter\Session\Handlers\FileHandler' driver.
DEBUG - 2025-06-28 08:00:32 --> Session: Class initialized using 'CodeIgniter\Session\Handlers\FileHandler' driver.
DEBUG - 2025-06-28 08:00:32 --> Session: Class initialized using 'CodeIgniter\Session\Handlers\FileHandler' driver.
DEBUG - 2025-06-28 08:00:43 --> Session: Class initialized using 'CodeIgniter\Session\Handlers\FileHandler' driver.
DEBUG - 2025-06-28 08:00:54 --> Session: Class initialized using 'CodeIgniter\Session\Handlers\FileHandler' driver.
DEBUG - 2025-06-28 08:00:54 --> Session: Class initialized using 'CodeIgniter\Session\Handlers\FileHandler' driver.
DEBUG - 2025-06-28 08:01:01 --> Session: Class initialized using 'CodeIgniter\Session\Handlers\FileHandler' driver.
DEBUG - 2025-06-28 08:01:07 --> Session: Class initialized using 'CodeIgniter\Session\Handlers\FileHandler' driver.
DEBUG - 2025-06-28 08:01:07 --> Session: Class initialized using 'CodeIgniter\Session\Handlers\FileHandler' driver.
DEBUG - 2025-06-28 08:01:42 --> Session: Class initialized using 'CodeIgniter\Session\Handlers\FileHandler' driver.
DEBUG - 2025-06-28 08:01:56 --> Session: Class initialized using 'CodeIgniter\Session\Handlers\FileHandler' driver.
DEBUG - 2025-06-28 08:02:03 --> Session: Class initialized using 'CodeIgniter\Session\Handlers\FileHandler' driver.
DEBUG - 2025-06-28 08:08:23 --> Session: Class initialized using 'CodeIgniter\Session\Handlers\FileHandler' driver.
DEBUG - 2025-06-28 08:08:24 --> Session: Class initialized using 'CodeIgniter\Session\Handlers\FileHandler' driver.
DEBUG - 2025-06-28 08:08:33 --> Session: Class initialized using 'CodeIgniter\Session\Handlers\FileHandler' driver.
DEBUG - 2025-06-28 08:08:33 --> Session: Class initialized using 'CodeIgniter\Session\Handlers\FileHandler' driver.
DEBUG - 2025-06-28 08:08:36 --> Session: Class initialized using 'CodeIgniter\Session\Handlers\FileHandler' driver.
DEBUG - 2025-06-28 08:08:38 --> Session: Class initialized using 'CodeIgniter\Session\Handlers\FileHandler' driver.
DEBUG - 2025-06-28 08:08:39 --> Session: Class initialized using 'CodeIgniter\Session\Handlers\FileHandler' driver.
DEBUG - 2025-06-28 08:08:40 --> Session: Class initialized using 'CodeIgniter\Session\Handlers\FileHandler' driver.
DEBUG - 2025-06-28 08:08:41 --> Session: Class initialized using 'CodeIgniter\Session\Handlers\FileHandler' driver.
DEBUG - 2025-06-28 08:08:43 --> Session: Class initialized using 'CodeIgniter\Session\Handlers\FileHandler' driver.
DEBUG - 2025-06-28 08:08:43 --> Session: Class initialized using 'CodeIgniter\Session\Handlers\FileHandler' driver.
DEBUG - 2025-06-28 08:10:21 --> Session: Class initialized using 'CodeIgniter\Session\Handlers\FileHandler' driver.
DEBUG - 2025-06-28 08:15:38 --> Session: Class initialized using 'CodeIgniter\Session\Handlers\FileHandler' driver.
DEBUG - 2025-06-28 08:15:39 --> Session: Class initialized using 'CodeIgniter\Session\Handlers\FileHandler' driver.
CRITICAL - 2025-06-28 08:15:39 --> Error: Call to undefined method CodeIgniter\Pager\Pager::getLinks()
[Method: GET, Route: admin/artikel]
in APPPATH\Controllers\Artikel.php on line 66.
 1 SYSTEMPATH\CodeIgniter.php(933): App\Controllers\Artikel->admin_index()
 2 SYSTEMPATH\CodeIgniter.php(507): CodeIgniter\CodeIgniter->runController(Object(App\Controllers\Artikel))
 3 SYSTEMPATH\CodeIgniter.php(354): CodeIgniter\CodeIgniter->handleRequest(null, Object(Config\Cache), false)
 4 SYSTEMPATH\Boot.php(334): CodeIgniter\CodeIgniter->run()
 5 SYSTEMPATH\Boot.php(67): CodeIgniter\Boot::runCodeIgniter(Object(CodeIgniter\CodeIgniter))
 6 FCPATH\index.php(56): CodeIgniter\Boot::bootWeb(Object(Config\Paths))
 7 SYSTEMPATH\rewrite.php(44): require_once('C:\\xampp\\htdocs\\lab11_php_ci\\ci4\\public\\index.php')
DEBUG - 2025-06-28 08:15:43 --> Session: Class initialized using 'CodeIgniter\Session\Handlers\FileHandler' driver.
DEBUG - 2025-06-28 08:15:43 --> Session: Class initialized using 'CodeIgniter\Session\Handlers\FileHandler' driver.
CRITICAL - 2025-06-28 08:15:44 --> Error: Call to undefined method CodeIgniter\Pager\Pager::getLinks()
[Method: GET, Route: admin/artikel]
in APPPATH\Controllers\Artikel.php on line 66.
 1 SYSTEMPATH\CodeIgniter.php(933): App\Controllers\Artikel->admin_index()
 2 SYSTEMPATH\CodeIgniter.php(507): CodeIgniter\CodeIgniter->runController(Object(App\Controllers\Artikel))
 3 SYSTEMPATH\CodeIgniter.php(354): CodeIgniter\CodeIgniter->handleRequest(null, Object(Config\Cache), false)
 4 SYSTEMPATH\Boot.php(334): CodeIgniter\CodeIgniter->run()
 5 SYSTEMPATH\Boot.php(67): CodeIgniter\Boot::runCodeIgniter(Object(CodeIgniter\CodeIgniter))
 6 FCPATH\index.php(56): CodeIgniter\Boot::bootWeb(Object(Config\Paths))
 7 SYSTEMPATH\rewrite.php(44): require_once('C:\\xampp\\htdocs\\lab11_php_ci\\ci4\\public\\index.php')
DEBUG - 2025-06-28 08:24:57 --> Session: Class initialized using 'CodeIgniter\Session\Handlers\FileHandler' driver.
DEBUG - 2025-06-28 08:24:57 --> Session: Class initialized using 'CodeIgniter\Session\Handlers\FileHandler' driver.
CRITICAL - 2025-06-28 08:24:57 --> ErrorException: foreach() argument must be of type array|object, string given
[Method: GET, Route: admin/artikel]
in APPPATH\Controllers\Artikel.php on line 197.
 1 APPPATH\Controllers\Artikel.php(197): CodeIgniter\Debug\Exceptions->errorHandler(2, 'foreach() argument must be of type array|object, string given', 'C:\\xampp\\htdocs\\lab11_php_ci\\ci4\\app\\Controllers\\Artikel.php', 197)
 2 APPPATH\Controllers\Artikel.php(66): App\Controllers\Artikel->generatePagerLinks(Object(CodeIgniter\Pager\Pager))
 3 SYSTEMPATH\CodeIgniter.php(933): App\Controllers\Artikel->admin_index()
 4 SYSTEMPATH\CodeIgniter.php(507): CodeIgniter\CodeIgniter->runController(Object(App\Controllers\Artikel))
 5 SYSTEMPATH\CodeIgniter.php(354): CodeIgniter\CodeIgniter->handleRequest(null, Object(Config\Cache), false)
 6 SYSTEMPATH\Boot.php(334): CodeIgniter\CodeIgniter->run()
 7 SYSTEMPATH\Boot.php(67): CodeIgniter\Boot::runCodeIgniter(Object(CodeIgniter\CodeIgniter))
 8 FCPATH\index.php(56): CodeIgniter\Boot::bootWeb(Object(Config\Paths))
 9 SYSTEMPATH\rewrite.php(44): require_once('C:\\xampp\\htdocs\\lab11_php_ci\\ci4\\public\\index.php')
DEBUG - 2025-06-28 08:28:01 --> Session: Class initialized using 'CodeIgniter\Session\Handlers\FileHandler' driver.
DEBUG - 2025-06-28 08:28:47 --> Session: Class initialized using 'CodeIgniter\Session\Handlers\FileHandler' driver.
DEBUG - 2025-06-28 08:30:55 --> Session: Class initialized using 'CodeIgniter\Session\Handlers\FileHandler' driver.
DEBUG - 2025-06-28 08:31:01 --> Session: Class initialized using 'CodeIgniter\Session\Handlers\FileHandler' driver.
DEBUG - 2025-06-28 08:32:02 --> Session: Class initialized using 'CodeIgniter\Session\Handlers\FileHandler' driver.
DEBUG - 2025-06-28 08:32:03 --> Session: Class initialized using 'CodeIgniter\Session\Handlers\FileHandler' driver.
DEBUG - 2025-06-28 08:32:15 --> Session: Class initialized using 'CodeIgniter\Session\Handlers\FileHandler' driver.
DEBUG - 2025-06-28 08:32:15 --> Session: Class initialized using 'CodeIgniter\Session\Handlers\FileHandler' driver.
DEBUG - 2025-06-28 08:32:39 --> Session: Class initialized using 'CodeIgniter\Session\Handlers\FileHandler' driver.
DEBUG - 2025-06-28 09:36:04 --> Session: Class initialized using 'CodeIgniter\Session\Handlers\FileHandler' driver.
DEBUG - 2025-06-28 13:52:50 --> Session: Class initialized using 'CodeIgniter\Session\Handlers\FileHandler' driver.
CRITICAL - 2025-06-28 13:52:50 --> Error: Call to undefined method CodeIgniter\Autoloader\Autoloader::include()
[Method: GET, Route: admin/artikel]
in APPPATH\Config\View.php on line 1.
 1 SYSTEMPATH\Autoloader\Autoloader.php(316): include_once()
 2 SYSTEMPATH\Autoloader\Autoloader.php(295): CodeIgniter\Autoloader\Autoloader->includeFile('C:\\xampp\\htdocs\\lab11_php_ci\\ci4\\app\\Config\\View.php')
 3 SYSTEMPATH\Autoloader\Autoloader.php(271): CodeIgniter\Autoloader\Autoloader->loadInNamespace('Config\\View')
 4 [internal function]: CodeIgniter\Autoloader\Autoloader->loadClass('Config\\View')
 5 SYSTEMPATH\Config\Factories.php(297): class_exists('Config\\View')
 6 SYSTEMPATH\Config\Factories.php(216): CodeIgniter\Config\Factories::locateClass([...], 'Config\\View')
 7 SYSTEMPATH\Config\Factories.php(159): CodeIgniter\Config\Factories::getDefinedInstance([...], 'Config\\View', [])
 8 SYSTEMPATH\Config\Factories.php(188): CodeIgniter\Config\Factories::__callStatic('config', [])
 9 SYSTEMPATH\Common.php(210): CodeIgniter\Config\Factories::get('config', 'Config\\View')
10 SYSTEMPATH\Config\Services.php(507): config('Config\\View')
11 SYSTEMPATH\Config\BaseService.php(321): CodeIgniter\Config\Services::renderer('C:\\xampp\\htdocs\\lab11_php_ci\\ci4\\app\\Config/../Views', null, false)
12 SYSTEMPATH\Config\Services.php(471): CodeIgniter\Config\BaseService::__callStatic('renderer', [...])
13 SYSTEMPATH\Config\BaseService.php(312): CodeIgniter\Config\Services::pager(Object(Config\Pager), null, false)
14 SYSTEMPATH\Config\BaseService.php(251): CodeIgniter\Config\BaseService::__callStatic('pager', [...])
15 SYSTEMPATH\Config\Services.php(467): CodeIgniter\Config\BaseService::getSharedInstance('pager', null, null)
16 SYSTEMPATH\Config\BaseService.php(321): CodeIgniter\Config\Services::pager()
17 SYSTEMPATH\Config\BaseService.php(202): CodeIgniter\Config\BaseService::__callStatic('pager', [])
18 SYSTEMPATH\Common.php(1000): CodeIgniter\Config\BaseService::get('pager')
19 SYSTEMPATH\BaseModel.php(1275): service('pager')
20 APPPATH\Controllers\Artikel.php(56): CodeIgniter\BaseModel->paginate(3)
21 SYSTEMPATH\CodeIgniter.php(933): App\Controllers\Artikel->admin_index()
22 SYSTEMPATH\CodeIgniter.php(507): CodeIgniter\CodeIgniter->runController(Object(App\Controllers\Artikel))
23 SYSTEMPATH\CodeIgniter.php(354): CodeIgniter\CodeIgniter->handleRequest(null, Object(Config\Cache), false)
24 SYSTEMPATH\Boot.php(334): CodeIgniter\CodeIgniter->run()
25 SYSTEMPATH\Boot.php(67): CodeIgniter\Boot::runCodeIgniter(Object(CodeIgniter\CodeIgniter))
26 FCPATH\index.php(56): CodeIgniter\Boot::bootWeb(Object(Config\Paths))
27 SYSTEMPATH\rewrite.php(44): require_once('C:\\xampp\\htdocs\\lab11_php_ci\\ci4\\public\\index.php')
DEBUG - 2025-06-28 13:55:05 --> Session: Class initialized using 'CodeIgniter\Session\Handlers\FileHandler' driver.
CRITICAL - 2025-06-28 13:55:05 --> Error: Call to undefined method CodeIgniter\Autoloader\Autoloader::include()
[Method: GET, Route: admin/artikel]
in APPPATH\Config\View.php on line 1.
 1 SYSTEMPATH\Autoloader\Autoloader.php(316): include_once()
 2 SYSTEMPATH\Autoloader\Autoloader.php(295): CodeIgniter\Autoloader\Autoloader->includeFile('C:\\xampp\\htdocs\\lab11_php_ci\\ci4\\app\\Config\\View.php')
 3 SYSTEMPATH\Autoloader\Autoloader.php(271): CodeIgniter\Autoloader\Autoloader->loadInNamespace('Config\\View')
 4 [internal function]: CodeIgniter\Autoloader\Autoloader->loadClass('Config\\View')
 5 SYSTEMPATH\Config\Factories.php(297): class_exists('Config\\View')
 6 SYSTEMPATH\Config\Factories.php(216): CodeIgniter\Config\Factories::locateClass([...], 'Config\\View')
 7 SYSTEMPATH\Config\Factories.php(159): CodeIgniter\Config\Factories::getDefinedInstance([...], 'Config\\View', [])
 8 SYSTEMPATH\Config\Factories.php(188): CodeIgniter\Config\Factories::__callStatic('config', [])
 9 SYSTEMPATH\Common.php(210): CodeIgniter\Config\Factories::get('config', 'Config\\View')
10 SYSTEMPATH\Config\Services.php(507): config('Config\\View')
11 SYSTEMPATH\Config\BaseService.php(321): CodeIgniter\Config\Services::renderer('C:\\xampp\\htdocs\\lab11_php_ci\\ci4\\app\\Config/../Views', null, false)
12 SYSTEMPATH\Config\Services.php(471): CodeIgniter\Config\BaseService::__callStatic('renderer', [...])
13 SYSTEMPATH\Config\BaseService.php(312): CodeIgniter\Config\Services::pager(Object(Config\Pager), null, false)
14 SYSTEMPATH\Config\BaseService.php(251): CodeIgniter\Config\BaseService::__callStatic('pager', [...])
15 SYSTEMPATH\Config\Services.php(467): CodeIgniter\Config\BaseService::getSharedInstance('pager', null, null)
16 SYSTEMPATH\Config\BaseService.php(321): CodeIgniter\Config\Services::pager()
17 SYSTEMPATH\Config\BaseService.php(202): CodeIgniter\Config\BaseService::__callStatic('pager', [])
18 SYSTEMPATH\Common.php(1000): CodeIgniter\Config\BaseService::get('pager')
19 SYSTEMPATH\BaseModel.php(1275): service('pager')
20 APPPATH\Controllers\Artikel.php(56): CodeIgniter\BaseModel->paginate(3)
21 SYSTEMPATH\CodeIgniter.php(933): App\Controllers\Artikel->admin_index()
22 SYSTEMPATH\CodeIgniter.php(507): CodeIgniter\CodeIgniter->runController(Object(App\Controllers\Artikel))
23 SYSTEMPATH\CodeIgniter.php(354): CodeIgniter\CodeIgniter->handleRequest(null, Object(Config\Cache), false)
24 SYSTEMPATH\Boot.php(334): CodeIgniter\CodeIgniter->run()
25 SYSTEMPATH\Boot.php(67): CodeIgniter\Boot::runCodeIgniter(Object(CodeIgniter\CodeIgniter))
26 FCPATH\index.php(56): CodeIgniter\Boot::bootWeb(Object(Config\Paths))
27 SYSTEMPATH\rewrite.php(44): require_once('C:\\xampp\\htdocs\\lab11_php_ci\\ci4\\public\\index.php')
DEBUG - 2025-06-28 13:55:07 --> Session: Class initialized using 'CodeIgniter\Session\Handlers\FileHandler' driver.
CRITICAL - 2025-06-28 13:55:07 --> Error: Call to undefined method CodeIgniter\Autoloader\Autoloader::include()
[Method: GET, Route: admin/artikel]
in APPPATH\Config\View.php on line 1.
 1 SYSTEMPATH\Autoloader\Autoloader.php(316): include_once()
 2 SYSTEMPATH\Autoloader\Autoloader.php(295): CodeIgniter\Autoloader\Autoloader->includeFile('C:\\xampp\\htdocs\\lab11_php_ci\\ci4\\app\\Config\\View.php')
 3 SYSTEMPATH\Autoloader\Autoloader.php(271): CodeIgniter\Autoloader\Autoloader->loadInNamespace('Config\\View')
 4 [internal function]: CodeIgniter\Autoloader\Autoloader->loadClass('Config\\View')
 5 SYSTEMPATH\Config\Factories.php(297): class_exists('Config\\View')
 6 SYSTEMPATH\Config\Factories.php(216): CodeIgniter\Config\Factories::locateClass([...], 'Config\\View')
 7 SYSTEMPATH\Config\Factories.php(159): CodeIgniter\Config\Factories::getDefinedInstance([...], 'Config\\View', [])
 8 SYSTEMPATH\Config\Factories.php(188): CodeIgniter\Config\Factories::__callStatic('config', [])
 9 SYSTEMPATH\Common.php(210): CodeIgniter\Config\Factories::get('config', 'Config\\View')
10 SYSTEMPATH\Config\Services.php(507): config('Config\\View')
11 SYSTEMPATH\Config\BaseService.php(321): CodeIgniter\Config\Services::renderer('C:\\xampp\\htdocs\\lab11_php_ci\\ci4\\app\\Config/../Views', null, false)
12 SYSTEMPATH\Config\Services.php(471): CodeIgniter\Config\BaseService::__callStatic('renderer', [...])
13 SYSTEMPATH\Config\BaseService.php(312): CodeIgniter\Config\Services::pager(Object(Config\Pager), null, false)
14 SYSTEMPATH\Config\BaseService.php(251): CodeIgniter\Config\BaseService::__callStatic('pager', [...])
15 SYSTEMPATH\Config\Services.php(467): CodeIgniter\Config\BaseService::getSharedInstance('pager', null, null)
16 SYSTEMPATH\Config\BaseService.php(321): CodeIgniter\Config\Services::pager()
17 SYSTEMPATH\Config\BaseService.php(202): CodeIgniter\Config\BaseService::__callStatic('pager', [])
18 SYSTEMPATH\Common.php(1000): CodeIgniter\Config\BaseService::get('pager')
19 SYSTEMPATH\BaseModel.php(1275): service('pager')
20 APPPATH\Controllers\Artikel.php(56): CodeIgniter\BaseModel->paginate(3)
21 SYSTEMPATH\CodeIgniter.php(933): App\Controllers\Artikel->admin_index()
22 SYSTEMPATH\CodeIgniter.php(507): CodeIgniter\CodeIgniter->runController(Object(App\Controllers\Artikel))
23 SYSTEMPATH\CodeIgniter.php(354): CodeIgniter\CodeIgniter->handleRequest(null, Object(Config\Cache), false)
24 SYSTEMPATH\Boot.php(334): CodeIgniter\CodeIgniter->run()
25 SYSTEMPATH\Boot.php(67): CodeIgniter\Boot::runCodeIgniter(Object(CodeIgniter\CodeIgniter))
26 FCPATH\index.php(56): CodeIgniter\Boot::bootWeb(Object(Config\Paths))
27 SYSTEMPATH\rewrite.php(44): require_once('C:\\xampp\\htdocs\\lab11_php_ci\\ci4\\public\\index.php')
DEBUG - 2025-06-28 13:55:26 --> Session: Class initialized using 'CodeIgniter\Session\Handlers\FileHandler' driver.
DEBUG - 2025-06-28 13:58:24 --> Session: Class initialized using 'CodeIgniter\Session\Handlers\FileHandler' driver.
DEBUG - 2025-06-28 14:01:15 --> Session: Class initialized using 'CodeIgniter\Session\Handlers\FileHandler' driver.
DEBUG - 2025-06-28 14:01:20 --> Session: Class initialized using 'CodeIgniter\Session\Handlers\FileHandler' driver.
DEBUG - 2025-06-28 14:04:06 --> Session: Class initialized using 'CodeIgniter\Session\Handlers\FileHandler' driver.
DEBUG - 2025-06-28 14:05:25 --> Session: Class initialized using 'CodeIgniter\Session\Handlers\FileHandler' driver.
DEBUG - 2025-06-28 14:05:29 --> Session: Class initialized using 'CodeIgniter\Session\Handlers\FileHandler' driver.
DEBUG - 2025-06-28 14:07:02 --> Session: Class initialized using 'CodeIgniter\Session\Handlers\FileHandler' driver.
DEBUG - 2025-06-28 14:07:02 --> Session: Class initialized using 'CodeIgniter\Session\Handlers\FileHandler' driver.
DEBUG - 2025-06-28 14:18:07 --> Session: Class initialized using 'CodeIgniter\Session\Handlers\FileHandler' driver.
DEBUG - 2025-06-28 14:18:08 --> Session: Class initialized using 'CodeIgniter\Session\Handlers\FileHandler' driver.
DEBUG - 2025-06-28 14:28:06 --> Session: Class initialized using 'CodeIgniter\Session\Handlers\FileHandler' driver.
DEBUG - 2025-06-28 14:28:07 --> Session: Class initialized using 'CodeIgniter\Session\Handlers\FileHandler' driver.
DEBUG - 2025-06-28 14:28:24 --> Session: Class initialized using 'CodeIgniter\Session\Handlers\FileHandler' driver.
DEBUG - 2025-06-28 14:28:25 --> Session: Class initialized using 'CodeIgniter\Session\Handlers\FileHandler' driver.
DEBUG - 2025-06-28 14:28:33 --> Session: Class initialized using 'CodeIgniter\Session\Handlers\FileHandler' driver.
DEBUG - 2025-06-28 14:28:36 --> Session: Class initialized using 'CodeIgniter\Session\Handlers\FileHandler' driver.
DEBUG - 2025-06-28 14:28:37 --> Session: Class initialized using 'CodeIgniter\Session\Handlers\FileHandler' driver.
DEBUG - 2025-06-28 14:28:40 --> Session: Class initialized using 'CodeIgniter\Session\Handlers\FileHandler' driver.
DEBUG - 2025-06-28 14:30:32 --> Session: Class initialized using 'CodeIgniter\Session\Handlers\FileHandler' driver.
DEBUG - 2025-06-28 14:30:34 --> Session: Class initialized using 'CodeIgniter\Session\Handlers\FileHandler' driver.
DEBUG - 2025-06-28 14:30:42 --> Session: Class initialized using 'CodeIgniter\Session\Handlers\FileHandler' driver.
DEBUG - 2025-06-28 14:30:43 --> Session: Class initialized using 'CodeIgniter\Session\Handlers\FileHandler' driver.
DEBUG - 2025-06-28 14:30:44 --> Session: Class initialized using 'CodeIgniter\Session\Handlers\FileHandler' driver.
DEBUG - 2025-06-28 14:30:45 --> Session: Class initialized using 'CodeIgniter\Session\Handlers\FileHandler' driver.
DEBUG - 2025-06-28 14:30:45 --> Session: Class initialized using 'CodeIgniter\Session\Handlers\FileHandler' driver.
DEBUG - 2025-06-28 14:30:47 --> Session: Class initialized using 'CodeIgniter\Session\Handlers\FileHandler' driver.
DEBUG - 2025-06-28 14:30:59 --> Session: Class initialized using 'CodeIgniter\Session\Handlers\FileHandler' driver.
DEBUG - 2025-06-28 14:31:05 --> Session: Class initialized using 'CodeIgniter\Session\Handlers\FileHandler' driver.
DEBUG - 2025-06-28 14:31:13 --> Session: Class initialized using 'CodeIgniter\Session\Handlers\FileHandler' driver.
DEBUG - 2025-06-28 14:31:21 --> Session: Class initialized using 'CodeIgniter\Session\Handlers\FileHandler' driver.
DEBUG - 2025-06-28 14:31:33 --> Session: Class initialized using 'CodeIgniter\Session\Handlers\FileHandler' driver.
DEBUG - 2025-06-28 14:31:45 --> Session: Class initialized using 'CodeIgniter\Session\Handlers\FileHandler' driver.
DEBUG - 2025-06-28 14:33:31 --> Session: Class initialized using 'CodeIgniter\Session\Handlers\FileHandler' driver.
DEBUG - 2025-06-28 14:33:32 --> Session: Class initialized using 'CodeIgniter\Session\Handlers\FileHandler' driver.
DEBUG - 2025-06-28 14:36:26 --> Session: Class initialized using 'CodeIgniter\Session\Handlers\FileHandler' driver.
DEBUG - 2025-06-28 14:36:27 --> Session: Class initialized using 'CodeIgniter\Session\Handlers\FileHandler' driver.
DEBUG - 2025-06-28 14:36:38 --> Session: Class initialized using 'CodeIgniter\Session\Handlers\FileHandler' driver.
DEBUG - 2025-06-28 14:36:40 --> Session: Class initialized using 'CodeIgniter\Session\Handlers\FileHandler' driver.
DEBUG - 2025-06-28 14:36:54 --> Session: Class initialized using 'CodeIgniter\Session\Handlers\FileHandler' driver.
DEBUG - 2025-06-28 14:36:54 --> Session: Class initialized using 'CodeIgniter\Session\Handlers\FileHandler' driver.
DEBUG - 2025-06-28 14:38:51 --> Session: Class initialized using 'CodeIgniter\Session\Handlers\FileHandler' driver.
DEBUG - 2025-06-28 14:38:52 --> Session: Class initialized using 'CodeIgniter\Session\Handlers\FileHandler' driver.
DEBUG - 2025-06-28 14:39:12 --> Session: Class initialized using 'CodeIgniter\Session\Handlers\FileHandler' driver.
DEBUG - 2025-06-28 14:39:12 --> Session: Class initialized using 'CodeIgniter\Session\Handlers\FileHandler' driver.
DEBUG - 2025-06-28 14:40:41 --> Session: Class initialized using 'CodeIgniter\Session\Handlers\FileHandler' driver.
DEBUG - 2025-06-28 14:40:41 --> Session: Class initialized using 'CodeIgniter\Session\Handlers\FileHandler' driver.
DEBUG - 2025-06-28 14:40:57 --> Session: Class initialized using 'CodeIgniter\Session\Handlers\FileHandler' driver.
DEBUG - 2025-06-28 14:40:58 --> Session: Class initialized using 'CodeIgniter\Session\Handlers\FileHandler' driver.
DEBUG - 2025-06-28 14:48:44 --> Session: Class initialized using 'CodeIgniter\Session\Handlers\FileHandler' driver.
CRITICAL - 2025-06-28 14:48:45 --> CodeIgniter\HTTP\Exceptions\BadRequestException: The URI you submitted has disallowed characters: "artikel&sort=id&order=asc"
[Method: GET, Route: admin/artikel&sort=id&order=asc]
in SYSTEMPATH\Router\Router.php on line 739.
 1 SYSTEMPATH\Router\Router.php(207): CodeIgniter\Router\Router->checkDisallowedChars('admin/artikel&sort=id&order=asc')
 2 SYSTEMPATH\CodeIgniter.php(832): CodeIgniter\Router\Router->handle('admin/artikel&sort=id&order=asc')
 3 SYSTEMPATH\CodeIgniter.php(455): CodeIgniter\CodeIgniter->tryToRouteIt(Object(CodeIgniter\Router\RouteCollection))
 4 SYSTEMPATH\CodeIgniter.php(354): CodeIgniter\CodeIgniter->handleRequest(null, Object(Config\Cache), false)
 5 SYSTEMPATH\Boot.php(334): CodeIgniter\CodeIgniter->run()
 6 SYSTEMPATH\Boot.php(67): CodeIgniter\Boot::runCodeIgniter(Object(CodeIgniter\CodeIgniter))
 7 FCPATH\index.php(56): CodeIgniter\Boot::bootWeb(Object(Config\Paths))
 8 SYSTEMPATH\rewrite.php(44): require_once('C:\\xampp\\htdocs\\lab11_php_ci\\ci4\\public\\index.php')
DEBUG - 2025-06-28 14:48:52 --> Session: Class initialized using 'CodeIgniter\Session\Handlers\FileHandler' driver.
CRITICAL - 2025-06-28 14:48:53 --> CodeIgniter\HTTP\Exceptions\BadRequestException: The URI you submitted has disallowed characters: "artikel&sort=id&order=asc"
[Method: GET, Route: admin/artikel&sort=id&order=asc]
in SYSTEMPATH\Router\Router.php on line 739.
 1 SYSTEMPATH\Router\Router.php(207): CodeIgniter\Router\Router->checkDisallowedChars('admin/artikel&sort=id&order=asc')
 2 SYSTEMPATH\CodeIgniter.php(832): CodeIgniter\Router\Router->handle('admin/artikel&sort=id&order=asc')
 3 SYSTEMPATH\CodeIgniter.php(455): CodeIgniter\CodeIgniter->tryToRouteIt(Object(CodeIgniter\Router\RouteCollection))
 4 SYSTEMPATH\CodeIgniter.php(354): CodeIgniter\CodeIgniter->handleRequest(null, Object(Config\Cache), false)
 5 SYSTEMPATH\Boot.php(334): CodeIgniter\CodeIgniter->run()
 6 SYSTEMPATH\Boot.php(67): CodeIgniter\Boot::runCodeIgniter(Object(CodeIgniter\CodeIgniter))
 7 FCPATH\index.php(56): CodeIgniter\Boot::bootWeb(Object(Config\Paths))
 8 SYSTEMPATH\rewrite.php(44): require_once('C:\\xampp\\htdocs\\lab11_php_ci\\ci4\\public\\index.php')
DEBUG - 2025-06-28 14:49:14 --> Session: Class initialized using 'CodeIgniter\Session\Handlers\FileHandler' driver.
CRITICAL - 2025-06-28 14:49:14 --> CodeIgniter\HTTP\Exceptions\BadRequestException: The URI you submitted has disallowed characters: "artikel&sort=id&order=asc"
[Method: GET, Route: admin/artikel&sort=id&order=asc]
in SYSTEMPATH\Router\Router.php on line 739.
 1 SYSTEMPATH\Router\Router.php(207): CodeIgniter\Router\Router->checkDisallowedChars('admin/artikel&sort=id&order=asc')
 2 SYSTEMPATH\CodeIgniter.php(832): CodeIgniter\Router\Router->handle('admin/artikel&sort=id&order=asc')
 3 SYSTEMPATH\CodeIgniter.php(455): CodeIgniter\CodeIgniter->tryToRouteIt(Object(CodeIgniter\Router\RouteCollection))
 4 SYSTEMPATH\CodeIgniter.php(354): CodeIgniter\CodeIgniter->handleRequest(null, Object(Config\Cache), false)
 5 SYSTEMPATH\Boot.php(334): CodeIgniter\CodeIgniter->run()
 6 SYSTEMPATH\Boot.php(67): CodeIgniter\Boot::runCodeIgniter(Object(CodeIgniter\CodeIgniter))
 7 FCPATH\index.php(56): CodeIgniter\Boot::bootWeb(Object(Config\Paths))
 8 SYSTEMPATH\rewrite.php(44): require_once('C:\\xampp\\htdocs\\lab11_php_ci\\ci4\\public\\index.php')
DEBUG - 2025-06-28 14:49:30 --> Session: Class initialized using 'CodeIgniter\Session\Handlers\FileHandler' driver.
DEBUG - 2025-06-28 14:49:31 --> Session: Class initialized using 'CodeIgniter\Session\Handlers\FileHandler' driver.
DEBUG - 2025-06-28 14:58:22 --> Session: Class initialized using 'CodeIgniter\Session\Handlers\FileHandler' driver.
DEBUG - 2025-06-28 14:58:23 --> Session: Class initialized using 'CodeIgniter\Session\Handlers\FileHandler' driver.
DEBUG - 2025-06-28 14:59:20 --> Session: Class initialized using 'CodeIgniter\Session\Handlers\FileHandler' driver.
DEBUG - 2025-06-28 14:59:21 --> Session: Class initialized using 'CodeIgniter\Session\Handlers\FileHandler' driver.
DEBUG - 2025-06-28 14:59:39 --> Session: Class initialized using 'CodeIgniter\Session\Handlers\FileHandler' driver.
DEBUG - 2025-06-28 14:59:40 --> Session: Class initialized using 'CodeIgniter\Session\Handlers\FileHandler' driver.
DEBUG - 2025-06-28 14:59:54 --> Session: Class initialized using 'CodeIgniter\Session\Handlers\FileHandler' driver.
DEBUG - 2025-06-28 14:59:54 --> Session: Class initialized using 'CodeIgniter\Session\Handlers\FileHandler' driver.
DEBUG - 2025-06-28 15:00:44 --> Session: Class initialized using 'CodeIgniter\Session\Handlers\FileHandler' driver.
DEBUG - 2025-06-28 15:00:45 --> Session: Class initialized using 'CodeIgniter\Session\Handlers\FileHandler' driver.
DEBUG - 2025-06-28 15:00:54 --> Session: Class initialized using 'CodeIgniter\Session\Handlers\FileHandler' driver.
DEBUG - 2025-06-28 15:00:59 --> Session: Class initialized using 'CodeIgniter\Session\Handlers\FileHandler' driver.
DEBUG - 2025-06-28 15:01:00 --> Session: Class initialized using 'CodeIgniter\Session\Handlers\FileHandler' driver.
DEBUG - 2025-06-28 15:22:11 --> Session: Class initialized using 'CodeIgniter\Session\Handlers\FileHandler' driver.
DEBUG - 2025-06-28 15:22:12 --> Session: Class initialized using 'CodeIgniter\Session\Handlers\FileHandler' driver.
DEBUG - 2025-06-28 15:28:06 --> Session: Class initialized using 'CodeIgniter\Session\Handlers\FileHandler' driver.
DEBUG - 2025-06-28 15:28:07 --> Session: Class initialized using 'CodeIgniter\Session\Handlers\FileHandler' driver.
DEBUG - 2025-06-28 15:42:41 --> Session: Class initialized using 'CodeIgniter\Session\Handlers\FileHandler' driver.
DEBUG - 2025-06-28 15:42:42 --> Session: Class initialized using 'CodeIgniter\Session\Handlers\FileHandler' driver.
DEBUG - 2025-06-28 15:43:08 --> Session: Class initialized using 'CodeIgniter\Session\Handlers\FileHandler' driver.
DEBUG - 2025-06-28 15:43:08 --> Session: Class initialized using 'CodeIgniter\Session\Handlers\FileHandler' driver.
DEBUG - 2025-06-28 17:36:47 --> Session: Class initialized using 'CodeIgniter\Session\Handlers\FileHandler' driver.
DEBUG - 2025-06-28 17:36:48 --> Session: Class initialized using 'CodeIgniter\Session\Handlers\FileHandler' driver.
DEBUG - 2025-06-28 17:36:54 --> Session: Class initialized using 'CodeIgniter\Session\Handlers\FileHandler' driver.
DEBUG - 2025-06-28 17:36:55 --> Session: Class initialized using 'CodeIgniter\Session\Handlers\FileHandler' driver.
DEBUG - 2025-06-28 17:36:58 --> Session: Class initialized using 'CodeIgniter\Session\Handlers\FileHandler' driver.
DEBUG - 2025-06-28 17:36:59 --> Session: Class initialized using 'CodeIgniter\Session\Handlers\FileHandler' driver.
DEBUG - 2025-06-28 17:49:01 --> Session: Class initialized using 'CodeIgniter\Session\Handlers\FileHandler' driver.
